 2024-01-23 14:36:15 INFO  LoginPage:30 - Starting Test Cases Execution
  2024-01-23 14:36:34 INFO  LoginPage:30 - Starting Test Cases Execution
  2024-01-23 14:37:22 INFO  LoginPage:30 - Starting Test Cases Execution
  2024-01-23 14:37:30 INFO  LoginPage:30 - Starting Test Cases Execution
  2024-01-23 14:46:04 INFO  LoginPage:30 - Starting Test Cases Execution
  2024-01-23 14:46:12 INFO  LoginPage:30 - Starting Test Cases Execution
  2024-01-23 14:46:20 INFO  LoginPage:37 - Login Successful using mobile number7667242501
  2024-01-23 14:46:21 INFO  LoginPage:30 - Starting Test Cases Execution
  2024-01-23 14:46:32 INFO  LoginPage:37 - Login Successful using mobile number9570442821
  2024-01-23 15:35:03 INFO  LoginPage:30 - Starting Test Cases Execution
  2024-01-23 15:35:19 INFO  LoginPage:37 - Login Successful using mobile number7667242501
  2024-01-23 15:35:19 INFO  LoginPage:30 - Starting Test Cases Execution
  2024-01-23 15:35:26 INFO  LoginPage:37 - Login Successful using mobile number9570442821
  2024-01-23 16:37:13 INFO  LoginPage:30 - Starting Test Cases Execution
  2024-01-23 16:37:42 INFO  LoginPage:37 - Login Successful using mobile number7667242501
  2024-01-23 16:37:42 INFO  LoginPage:30 - Starting Test Cases Execution
  2024-01-23 16:38:13 INFO  LoginPage:37 - Login Successful using mobile number9570442821
  2024-01-23 16:38:30 INFO  HomePage:24 - Homepage Test Cases Execution started...
  2024-01-23 16:38:54 INFO  HomePage:32 - Homepage Navigation Successful
  2024-01-23 16:38:55 INFO  HomePage:47 - Closed Browser successful
  2024-01-23 16:38:55 INFO  HomePage:24 - Homepage Test Cases Execution started...
  2024-01-23 16:39:12 INFO  HomePage:38 - Homepage Title Validation Test Successful
  2024-01-23 16:39:16 INFO  HomePage:47 - Closed Browser successful
  2024-01-23 16:40:21 INFO  HomePage:24 - Homepage Test Cases Execution started...
  2024-01-23 16:40:57 INFO  HomePage:32 - Homepage Navigation Successful
  2024-01-23 16:40:57 INFO  HomePage:47 - Closed Browser successful
  2024-01-23 16:40:58 INFO  HomePage:24 - Homepage Test Cases Execution started...
  2024-01-23 16:42:01 INFO  HomePage:38 - Homepage Title Validation Test Successful
  2024-01-23 16:42:05 INFO  HomePage:47 - Closed Browser successful
  2024-01-23 16:43:44 INFO  HomePage:24 - Homepage Test Cases Execution started...
  2024-01-23 16:43:58 INFO  HomePage:32 - Homepage Navigation Successful
  2024-01-23 16:43:58 INFO  HomePage:47 - Closed Browser successful
  2024-01-23 16:43:59 INFO  HomePage:24 - Homepage Test Cases Execution started...
  2024-01-23 16:44:11 INFO  HomePage:38 - Homepage Title Validation Test Successful
  2024-01-23 16:44:14 INFO  HomePage:47 - Closed Browser successful
  2024-01-23 16:46:01 INFO  HomePage:24 - Homepage Test Cases Execution started...
  2024-01-23 16:46:28 INFO  HomePage:32 - Homepage Navigation Successful
  2024-01-23 16:46:28 INFO  HomePage:24 - Homepage Test Cases Execution started...
  2024-01-23 16:47:03 INFO  HomePage:38 - Homepage Title Validation Test Successful
  2024-01-23 17:30:53 INFO  LoginPage:22 - Login Test Cases Execution start
  2024-01-25 10:58:44 INFO  LoginPage:22 - Login Test Cases Execution start
  2024-01-25 10:58:50 INFO  LoginPage:29 - Login Page Title Test Successful
  2024-01-25 10:58:57 INFO  LoginPage:22 - Login Test Cases Execution start
  2024-01-25 10:59:01 INFO  LoginPage:37 - Login Test Successful
  2024-01-25 11:05:12 INFO  LoginPage:24 - Login Test Cases Execution start
  2024-01-25 11:05:19 INFO  LoginPage:31 - Login Page Title Test Successful
  2024-01-25 11:05:27 INFO  LoginPage:24 - Login Test Cases Execution start
  2024-01-25 11:05:30 INFO  LoginPage:39 - Login Test Successful
  2024-01-25 11:12:48 INFO  LoginPage:24 - Login Test Cases Execution start
  2024-01-25 11:12:55 INFO  LoginPage:31 - Login Page Title Test Successful
  2024-01-25 11:13:01 INFO  LoginPage:24 - Login Test Cases Execution start
  2024-01-25 11:13:05 INFO  LoginPage:39 - Login Test Successful
  2024-01-25 11:15:35 INFO  LoginPage:24 - Login Test Cases Execution start
  2024-01-25 11:15:39 INFO  LoginPage:31 - Login Page Title Test Successful
  2024-01-25 11:15:39 INFO  LoginPage:24 - Login Test Cases Execution start
  2024-01-25 11:15:43 INFO  LoginPage:39 - Login Test Successful
  2024-01-25 11:17:00 INFO  LoginPage:24 - Login Test Cases Execution start
  2024-01-25 11:17:05 INFO  LoginPage:31 - Login Page Title Test Successful
  2024-01-25 11:17:05 INFO  LoginPage:24 - Login Test Cases Execution start
  2024-01-25 11:17:08 INFO  LoginPage:39 - Login Test Successful
  2024-01-25 11:24:24 INFO  LoginPage:24 - Login Test Cases Execution start
  2024-01-25 11:24:30 INFO  LoginPage:31 - Login Page Title Test Successful
  2024-01-25 11:24:39 INFO  LoginPage:24 - Login Test Cases Execution start
  2024-01-25 11:24:42 INFO  LoginPage:39 - Login Test Successful
  2024-01-25 11:27:00 INFO  LoginPage:24 - Login Test Cases Execution start
  2024-01-25 11:27:05 INFO  LoginPage:31 - Login Page Title Test Successful
  2024-01-25 11:27:05 INFO  LoginPage:24 - Login Test Cases Execution start
  2024-01-25 11:27:10 INFO  LoginPage:39 - Login Test Successful
  2024-01-25 11:34:28 INFO  LoginPage:24 - Login Test Cases Execution start
  2024-01-25 11:34:33 INFO  LoginPage:31 - Login Page Title Test Successful
  2024-01-25 11:34:33 INFO  LoginPage:24 - Login Test Cases Execution start
  2024-01-25 11:34:38 INFO  LoginPage:39 - Login Test Successful
  